
*** Running vivado
    with args -log dist_mem_gen_0.vds -m64 -product Vivado -mode batch -messageDb vivado.pb -notrace -source dist_mem_gen_0.tcl



****** Vivado v2023.1 (64-bit)
  **** SW Build 3865809 on Sun May  7 15:05:29 MDT 2023
  **** IP Build 3864474 on Sun May  7 20:36:21 MDT 2023
  **** SharedData Build 3865790 on Sun May 07 13:33:03 MDT 2023
    ** Copyright 1986-2022 Xilinx, Inc. All Rights Reserved.
    ** Copyright 2022-2023 Advanced Micro Devices, Inc. All Rights Reserved.

source dist_mem_gen_0.tcl -notrace
INFO: [IP_Flow 19-6924] IPCACHE: Running cache check for IP inst: dist_mem_gen_0
Command: synth_design -top dist_mem_gen_0 -part xc7a100ticsg324-1L -incremental_mode off -mode out_of_context
Starting synth_design
Attempting to get a license for feature 'Synthesis' and/or device 'xc7a100ti'
INFO: [Common 17-349] Got license for feature 'Synthesis' and/or device 'xc7a100ti'
INFO: [Device 21-403] Loading part xc7a100ticsg324-1L
INFO: [Synth 8-7079] Multithreading enabled for synth_design using a maximum of 2 processes.
INFO: [Synth 8-7078] Launching helper process for spawning children vivado processes
INFO: [Synth 8-7075] Helper process launched with PID 30460
---------------------------------------------------------------------------------
Starting RTL Elaboration : Time (s): cpu = 00:00:03 ; elapsed = 00:00:04 . Memory (MB): peak = 2310.102 ; gain = 410.809
---------------------------------------------------------------------------------
INFO: [Synth 8-638] synthesizing module 'dist_mem_gen_0' [d:/vivado2023/cod_update/cod/cod.gen/sources_1/ip/dist_mem_gen_0/synth/dist_mem_gen_0.vhd:71]
	Parameter C_FAMILY bound to: artix7 - type: string 
	Parameter C_ADDR_WIDTH bound to: 13 - type: integer 
	Parameter C_DEFAULT_DATA bound to: 0 - type: string 
	Parameter C_DEPTH bound to: 8192 - type: integer 
	Parameter C_HAS_CLK bound to: 1 - type: integer 
	Parameter C_HAS_D bound to: 1 - type: integer 
	Parameter C_HAS_DPO bound to: 1 - type: integer 
	Parameter C_HAS_DPRA bound to: 1 - type: integer 
	Parameter C_HAS_I_CE bound to: 0 - type: integer 
	Parameter C_HAS_QDPO bound to: 0 - type: integer 
	Parameter C_HAS_QDPO_CE bound to: 0 - type: integer 
	Parameter C_HAS_QDPO_CLK bound to: 0 - type: integer 
	Parameter C_HAS_QDPO_RST bound to: 0 - type: integer 
	Parameter C_HAS_QDPO_SRST bound to: 0 - type: integer 
	Parameter C_HAS_QSPO bound to: 0 - type: integer 
	Parameter C_HAS_QSPO_CE bound to: 0 - type: integer 
	Parameter C_HAS_QSPO_RST bound to: 0 - type: integer 
	Parameter C_HAS_QSPO_SRST bound to: 0 - type: integer 
	Parameter C_HAS_SPO bound to: 1 - type: integer 
	Parameter C_HAS_WE bound to: 1 - type: integer 
	Parameter C_MEM_INIT_FILE bound to: dist_mem_gen_0.mif - type: string 
	Parameter C_ELABORATION_DIR bound to: ./ - type: string 
	Parameter C_MEM_TYPE bound to: 2 - type: integer 
	Parameter C_PIPELINE_STAGES bound to: 0 - type: integer 
	Parameter C_QCE_JOINED bound to: 0 - type: integer 
	Parameter C_QUALIFY_WE bound to: 0 - type: integer 
	Parameter C_READ_MIF bound to: 1 - type: integer 
	Parameter C_REG_A_D_INPUTS bound to: 0 - type: integer 
	Parameter C_REG_DPRA_INPUT bound to: 0 - type: integer 
	Parameter C_SYNC_ENABLE bound to: 1 - type: integer 
	Parameter C_WIDTH bound to: 32 - type: integer 
	Parameter C_PARSER_TYPE bound to: 1 - type: integer 
INFO: [Synth 8-3491] module 'dist_mem_gen_v8_0_13' declared at 'd:/vivado2023/cod_update/cod/cod.gen/sources_1/ip/dist_mem_gen_0/hdl/dist_mem_gen_v8_0_vhsyn_rfs.vhd:3237' bound to instance 'U0' of component 'dist_mem_gen_v8_0_13' [d:/vivado2023/cod_update/cod/cod.gen/sources_1/ip/dist_mem_gen_0/synth/dist_mem_gen_0.vhd:137]
INFO: [Synth 8-256] done synthesizing module 'dist_mem_gen_0' (0#1) [d:/vivado2023/cod_update/cod/cod.gen/sources_1/ip/dist_mem_gen_0/synth/dist_mem_gen_0.vhd:71]
WARNING: [Synth 8-7129] Port qspo[31] in module dpram is either unconnected or has no load
WARNING: [Synth 8-7129] Port qspo[30] in module dpram is either unconnected or has no load
WARNING: [Synth 8-7129] Port qspo[29] in module dpram is either unconnected or has no load
WARNING: [Synth 8-7129] Port qspo[28] in module dpram is either unconnected or has no load
WARNING: [Synth 8-7129] Port qspo[27] in module dpram is either unconnected or has no load
WARNING: [Synth 8-7129] Port qspo[26] in module dpram is either unconnected or has no load
WARNING: [Synth 8-7129] Port qspo[25] in module dpram is either unconnected or has no load
WARNING: [Synth 8-7129] Port qspo[24] in module dpram is either unconnected or has no load
WARNING: [Synth 8-7129] Port qspo[23] in module dpram is either unconnected or has no load
WARNING: [Synth 8-7129] Port qspo[22] in module dpram is either unconnected or has no load
WARNING: [Synth 8-7129] Port qspo[21] in module dpram is either unconnected or has no load
WARNING: [Synth 8-7129] Port qspo[20] in module dpram is either unconnected or has no load
WARNING: [Synth 8-7129] Port qspo[19] in module dpram is either unconnected or has no load
WARNING: [Synth 8-7129] Port qspo[18] in module dpram is either unconnected or has no load
WARNING: [Synth 8-7129] Port qspo[17] in module dpram is either unconnected or has no load
WARNING: [Synth 8-7129] Port qspo[16] in module dpram is either unconnected or has no load
WARNING: [Synth 8-7129] Port qspo[15] in module dpram is either unconnected or has no load
WARNING: [Synth 8-7129] Port qspo[14] in module dpram is either unconnected or has no load
WARNING: [Synth 8-7129] Port qspo[13] in module dpram is either unconnected or has no load
WARNING: [Synth 8-7129] Port qspo[12] in module dpram is either unconnected or has no load
WARNING: [Synth 8-7129] Port qspo[11] in module dpram is either unconnected or has no load
WARNING: [Synth 8-7129] Port qspo[10] in module dpram is either unconnected or has no load
WARNING: [Synth 8-7129] Port qspo[9] in module dpram is either unconnected or has no load
WARNING: [Synth 8-7129] Port qspo[8] in module dpram is either unconnected or has no load
WARNING: [Synth 8-7129] Port qspo[7] in module dpram is either unconnected or has no load
WARNING: [Synth 8-7129] Port qspo[6] in module dpram is either unconnected or has no load
WARNING: [Synth 8-7129] Port qspo[5] in module dpram is either unconnected or has no load
WARNING: [Synth 8-7129] Port qspo[4] in module dpram is either unconnected or has no load
WARNING: [Synth 8-7129] Port qspo[3] in module dpram is either unconnected or has no load
WARNING: [Synth 8-7129] Port qspo[2] in module dpram is either unconnected or has no load
WARNING: [Synth 8-7129] Port qspo[1] in module dpram is either unconnected or has no load
WARNING: [Synth 8-7129] Port qspo[0] in module dpram is either unconnected or has no load
WARNING: [Synth 8-7129] Port qdpo[31] in module dpram is either unconnected or has no load
WARNING: [Synth 8-7129] Port qdpo[30] in module dpram is either unconnected or has no load
WARNING: [Synth 8-7129] Port qdpo[29] in module dpram is either unconnected or has no load
WARNING: [Synth 8-7129] Port qdpo[28] in module dpram is either unconnected or has no load
WARNING: [Synth 8-7129] Port qdpo[27] in module dpram is either unconnected or has no load
WARNING: [Synth 8-7129] Port qdpo[26] in module dpram is either unconnected or has no load
WARNING: [Synth 8-7129] Port qdpo[25] in module dpram is either unconnected or has no load
WARNING: [Synth 8-7129] Port qdpo[24] in module dpram is either unconnected or has no load
WARNING: [Synth 8-7129] Port qdpo[23] in module dpram is either unconnected or has no load
WARNING: [Synth 8-7129] Port qdpo[22] in module dpram is either unconnected or has no load
WARNING: [Synth 8-7129] Port qdpo[21] in module dpram is either unconnected or has no load
WARNING: [Synth 8-7129] Port qdpo[20] in module dpram is either unconnected or has no load
WARNING: [Synth 8-7129] Port qdpo[19] in module dpram is either unconnected or has no load
WARNING: [Synth 8-7129] Port qdpo[18] in module dpram is either unconnected or has no load
WARNING: [Synth 8-7129] Port qdpo[17] in module dpram is either unconnected or has no load
WARNING: [Synth 8-7129] Port qdpo[16] in module dpram is either unconnected or has no load
WARNING: [Synth 8-7129] Port qdpo[15] in module dpram is either unconnected or has no load
WARNING: [Synth 8-7129] Port qdpo[14] in module dpram is either unconnected or has no load
WARNING: [Synth 8-7129] Port qdpo[13] in module dpram is either unconnected or has no load
WARNING: [Synth 8-7129] Port qdpo[12] in module dpram is either unconnected or has no load
WARNING: [Synth 8-7129] Port qdpo[11] in module dpram is either unconnected or has no load
WARNING: [Synth 8-7129] Port qdpo[10] in module dpram is either unconnected or has no load
WARNING: [Synth 8-7129] Port qdpo[9] in module dpram is either unconnected or has no load
WARNING: [Synth 8-7129] Port qdpo[8] in module dpram is either unconnected or has no load
WARNING: [Synth 8-7129] Port qdpo[7] in module dpram is either unconnected or has no load
WARNING: [Synth 8-7129] Port qdpo[6] in module dpram is either unconnected or has no load
WARNING: [Synth 8-7129] Port qdpo[5] in module dpram is either unconnected or has no load
WARNING: [Synth 8-7129] Port qdpo[4] in module dpram is either unconnected or has no load
WARNING: [Synth 8-7129] Port qdpo[3] in module dpram is either unconnected or has no load
WARNING: [Synth 8-7129] Port qdpo[2] in module dpram is either unconnected or has no load
WARNING: [Synth 8-7129] Port qdpo[1] in module dpram is either unconnected or has no load
WARNING: [Synth 8-7129] Port qdpo[0] in module dpram is either unconnected or has no load
WARNING: [Synth 8-7129] Port i_ce in module dpram is either unconnected or has no load
WARNING: [Synth 8-7129] Port qspo_ce in module dpram is either unconnected or has no load
WARNING: [Synth 8-7129] Port qspo_rst in module dpram is either unconnected or has no load
WARNING: [Synth 8-7129] Port qspo_srst in module dpram is either unconnected or has no load
WARNING: [Synth 8-7129] Port qdpo_clk in module dpram is either unconnected or has no load
WARNING: [Synth 8-7129] Port qdpo_ce in module dpram is either unconnected or has no load
WARNING: [Synth 8-7129] Port qdpo_rst in module dpram is either unconnected or has no load
WARNING: [Synth 8-7129] Port qdpo_srst in module dpram is either unconnected or has no load
WARNING: [Synth 8-7129] Port i_ce in module dist_mem_gen_v8_0_13 is either unconnected or has no load
WARNING: [Synth 8-7129] Port qspo_ce in module dist_mem_gen_v8_0_13 is either unconnected or has no load
WARNING: [Synth 8-7129] Port qdpo_ce in module dist_mem_gen_v8_0_13 is either unconnected or has no load
WARNING: [Synth 8-7129] Port qdpo_clk in module dist_mem_gen_v8_0_13 is either unconnected or has no load
WARNING: [Synth 8-7129] Port qspo_rst in module dist_mem_gen_v8_0_13 is either unconnected or has no load
WARNING: [Synth 8-7129] Port qdpo_rst in module dist_mem_gen_v8_0_13 is either unconnected or has no load
WARNING: [Synth 8-7129] Port qspo_srst in module dist_mem_gen_v8_0_13 is either unconnected or has no load
WARNING: [Synth 8-7129] Port qdpo_srst in module dist_mem_gen_v8_0_13 is either unconnected or has no load
---------------------------------------------------------------------------------
Finished RTL Elaboration : Time (s): cpu = 00:00:17 ; elapsed = 00:00:20 . Memory (MB): peak = 2885.887 ; gain = 986.594
---------------------------------------------------------------------------------
---------------------------------------------------------------------------------
Start Handling Custom Attributes
---------------------------------------------------------------------------------
---------------------------------------------------------------------------------
Finished Handling Custom Attributes : Time (s): cpu = 00:00:17 ; elapsed = 00:00:20 . Memory (MB): peak = 2885.887 ; gain = 986.594
---------------------------------------------------------------------------------
---------------------------------------------------------------------------------
Finished RTL Optimization Phase 1 : Time (s): cpu = 00:00:17 ; elapsed = 00:00:20 . Memory (MB): peak = 2885.887 ; gain = 986.594
---------------------------------------------------------------------------------
Netlist sorting complete. Time (s): cpu = 00:00:00 ; elapsed = 00:00:00.004 . Memory (MB): peak = 2885.887 ; gain = 0.000
INFO: [Project 1-570] Preparing netlist for logic optimization

Processing XDC Constraints
Initializing timing engine
Parsing XDC File [d:/vivado2023/cod_update/cod/cod.gen/sources_1/ip/dist_mem_gen_0/dist_mem_gen_0_ooc.xdc] for cell 'U0'
Finished Parsing XDC File [d:/vivado2023/cod_update/cod/cod.gen/sources_1/ip/dist_mem_gen_0/dist_mem_gen_0_ooc.xdc] for cell 'U0'
Parsing XDC File [D:/vivado2023/cod_update/cod/cod.runs/dist_mem_gen_0_synth_1/dont_touch.xdc]
Finished Parsing XDC File [D:/vivado2023/cod_update/cod/cod.runs/dist_mem_gen_0_synth_1/dont_touch.xdc]
Completed Processing XDC Constraints

Netlist sorting complete. Time (s): cpu = 00:00:00 ; elapsed = 00:00:00 . Memory (MB): peak = 2885.887 ; gain = 0.000
INFO: [Project 1-111] Unisim Transformation Summary:
No Unisim elements were transformed.

Constraint Validation Runtime : Time (s): cpu = 00:00:00 ; elapsed = 00:00:00.014 . Memory (MB): peak = 2885.887 ; gain = 0.000
INFO: [Designutils 20-5008] Incremental synthesis strategy off
---------------------------------------------------------------------------------
Finished Constraint Validation : Time (s): cpu = 00:00:21 ; elapsed = 00:00:25 . Memory (MB): peak = 2885.887 ; gain = 986.594
---------------------------------------------------------------------------------
---------------------------------------------------------------------------------
Start Loading Part and Timing Information
---------------------------------------------------------------------------------
Loading part: xc7a100ticsg324-1L
---------------------------------------------------------------------------------
Finished Loading Part and Timing Information : Time (s): cpu = 00:00:21 ; elapsed = 00:00:25 . Memory (MB): peak = 2885.887 ; gain = 986.594
---------------------------------------------------------------------------------
---------------------------------------------------------------------------------
Start Applying 'set_property' XDC Constraints
---------------------------------------------------------------------------------
Applied set_property KEEP_HIERARCHY = SOFT for U0. (constraint file  D:/vivado2023/cod_update/cod/cod.runs/dist_mem_gen_0_synth_1/dont_touch.xdc, line 9).
---------------------------------------------------------------------------------
Finished applying 'set_property' XDC Constraints : Time (s): cpu = 00:00:21 ; elapsed = 00:00:25 . Memory (MB): peak = 2885.887 ; gain = 986.594
---------------------------------------------------------------------------------
---------------------------------------------------------------------------------
Finished RTL Optimization Phase 2 : Time (s): cpu = 00:00:22 ; elapsed = 00:00:25 . Memory (MB): peak = 2885.887 ; gain = 986.594
---------------------------------------------------------------------------------
---------------------------------------------------------------------------------
Start RTL Component Statistics 
---------------------------------------------------------------------------------
Detailed RTL Component Info : 
+---Registers : 
	               32 Bit    Registers := 2     
---------------------------------------------------------------------------------
Finished RTL Component Statistics 
---------------------------------------------------------------------------------
---------------------------------------------------------------------------------
Start Part Resource Summary
---------------------------------------------------------------------------------
Part Resources:
DSPs: 240 (col length:80)
BRAMs: 270 (col length: RAMB18 80 RAMB36 40)
---------------------------------------------------------------------------------
Finished Part Resource Summary
---------------------------------------------------------------------------------
---------------------------------------------------------------------------------
Start Cross Boundary and Area Optimization
---------------------------------------------------------------------------------
WARNING: [Synth 8-7080] Parallel synthesis criteria is not met
WARNING: [Synth 8-7129] Port qspo[31] in module dist_mem_gen_v8_0_13 is either unconnected or has no load
WARNING: [Synth 8-7129] Port qspo[30] in module dist_mem_gen_v8_0_13 is either unconnected or has no load
WARNING: [Synth 8-7129] Port qspo[29] in module dist_mem_gen_v8_0_13 is either unconnected or has no load
WARNING: [Synth 8-7129] Port qspo[28] in module dist_mem_gen_v8_0_13 is either unconnected or has no load
WARNING: [Synth 8-7129] Port qspo[27] in module dist_mem_gen_v8_0_13 is either unconnected or has no load
WARNING: [Synth 8-7129] Port qspo[26] in module dist_mem_gen_v8_0_13 is either unconnected or has no load
WARNING: [Synth 8-7129] Port qspo[25] in module dist_mem_gen_v8_0_13 is either unconnected or has no load
WARNING: [Synth 8-7129] Port qspo[24] in module dist_mem_gen_v8_0_13 is either unconnected or has no load
WARNING: [Synth 8-7129] Port qspo[23] in module dist_mem_gen_v8_0_13 is either unconnected or has no load
WARNING: [Synth 8-7129] Port qspo[22] in module dist_mem_gen_v8_0_13 is either unconnected or has no load
WARNING: [Synth 8-7129] Port qspo[21] in module dist_mem_gen_v8_0_13 is either unconnected or has no load
WARNING: [Synth 8-7129] Port qspo[20] in module dist_mem_gen_v8_0_13 is either unconnected or has no load
WARNING: [Synth 8-7129] Port qspo[19] in module dist_mem_gen_v8_0_13 is either unconnected or has no load
WARNING: [Synth 8-7129] Port qspo[18] in module dist_mem_gen_v8_0_13 is either unconnected or has no load
WARNING: [Synth 8-7129] Port qspo[17] in module dist_mem_gen_v8_0_13 is either unconnected or has no load
WARNING: [Synth 8-7129] Port qspo[16] in module dist_mem_gen_v8_0_13 is either unconnected or has no load
WARNING: [Synth 8-7129] Port qspo[15] in module dist_mem_gen_v8_0_13 is either unconnected or has no load
WARNING: [Synth 8-7129] Port qspo[14] in module dist_mem_gen_v8_0_13 is either unconnected or has no load
WARNING: [Synth 8-7129] Port qspo[13] in module dist_mem_gen_v8_0_13 is either unconnected or has no load
WARNING: [Synth 8-7129] Port qspo[12] in module dist_mem_gen_v8_0_13 is either unconnected or has no load
INFO: [Common 17-14] Message 'Synth 8-7129' appears 100 times and further instances of the messages will be disabled. Use the Tcl command set_msg_config to change the current settings.
---------------------------------------------------------------------------------
Finished Cross Boundary and Area Optimization : Time (s): cpu = 00:00:24 ; elapsed = 00:00:28 . Memory (MB): peak = 2885.887 ; gain = 986.594
---------------------------------------------------------------------------------
---------------------------------------------------------------------------------
Start ROM, RAM, DSP, Shift Register and Retiming Reporting
---------------------------------------------------------------------------------

Distributed RAM: Preliminary Mapping Report (see note below)
+------------+-----------------------------------------------------------+-----------+----------------------+-------------------+
|Module Name | RTL Object                                                | Inference | Size (Depth x Width) | Primitives        | 
+------------+-----------------------------------------------------------+-----------+----------------------+-------------------+
|U0          | synth_options.dist_mem_inst/gen_dp_ram.dpram_inst/ram_reg | Implied   | 8 K x 32             | RAM128X1D x 2048  | 
+------------+-----------------------------------------------------------+-----------+----------------------+-------------------+

Note: The table above is a preliminary report that shows the Distributed RAMs at the current stage of the synthesis flow. Some Distributed RAMs may be reimplemented as non Distributed RAM primitives later in the synthesis flow. Multiple instantiated RAMs are reported only once.
---------------------------------------------------------------------------------
Finished ROM, RAM, DSP, Shift Register and Retiming Reporting
---------------------------------------------------------------------------------
---------------------------------------------------------------------------------
Start Applying XDC Timing Constraints
---------------------------------------------------------------------------------
---------------------------------------------------------------------------------
Finished Applying XDC Timing Constraints : Time (s): cpu = 00:00:27 ; elapsed = 00:00:31 . Memory (MB): peak = 2885.887 ; gain = 986.594
---------------------------------------------------------------------------------
---------------------------------------------------------------------------------
Start Timing Optimization
---------------------------------------------------------------------------------
---------------------------------------------------------------------------------
Finished Timing Optimization : Time (s): cpu = 00:00:28 ; elapsed = 00:00:31 . Memory (MB): peak = 2885.887 ; gain = 986.594
---------------------------------------------------------------------------------
---------------------------------------------------------------------------------
Start ROM, RAM, DSP, Shift Register and Retiming Reporting
---------------------------------------------------------------------------------

Distributed RAM: Final Mapping Report
+------------+-----------------------------------------------------------+-----------+----------------------+-------------------+
|Module Name | RTL Object                                                | Inference | Size (Depth x Width) | Primitives        | 
+------------+-----------------------------------------------------------+-----------+----------------------+-------------------+
|U0          | synth_options.dist_mem_inst/gen_dp_ram.dpram_inst/ram_reg | Implied   | 8 K x 32             | RAM128X1D x 2048  | 
+------------+-----------------------------------------------------------+-----------+----------------------+-------------------+

---------------------------------------------------------------------------------
Finished ROM, RAM, DSP, Shift Register and Retiming Reporting
---------------------------------------------------------------------------------
---------------------------------------------------------------------------------
Start Technology Mapping
---------------------------------------------------------------------------------
---------------------------------------------------------------------------------
Finished Technology Mapping : Time (s): cpu = 00:00:28 ; elapsed = 00:00:32 . Memory (MB): peak = 2885.887 ; gain = 986.594
---------------------------------------------------------------------------------
---------------------------------------------------------------------------------
Start IO Insertion
---------------------------------------------------------------------------------
---------------------------------------------------------------------------------
Start Flattening Before IO Insertion
---------------------------------------------------------------------------------
---------------------------------------------------------------------------------
Finished Flattening Before IO Insertion
---------------------------------------------------------------------------------
---------------------------------------------------------------------------------
Start Final Netlist Cleanup
---------------------------------------------------------------------------------
---------------------------------------------------------------------------------
Finished Final Netlist Cleanup
---------------------------------------------------------------------------------
---------------------------------------------------------------------------------
Finished IO Insertion : Time (s): cpu = 00:00:31 ; elapsed = 00:00:35 . Memory (MB): peak = 2885.887 ; gain = 986.594
---------------------------------------------------------------------------------
---------------------------------------------------------------------------------
Start Renaming Generated Instances
---------------------------------------------------------------------------------
---------------------------------------------------------------------------------
Finished Renaming Generated Instances : Time (s): cpu = 00:00:31 ; elapsed = 00:00:35 . Memory (MB): peak = 2885.887 ; gain = 986.594
---------------------------------------------------------------------------------
---------------------------------------------------------------------------------
Start Rebuilding User Hierarchy
---------------------------------------------------------------------------------
---------------------------------------------------------------------------------
Finished Rebuilding User Hierarchy : Time (s): cpu = 00:00:31 ; elapsed = 00:00:35 . Memory (MB): peak = 2885.887 ; gain = 986.594
---------------------------------------------------------------------------------
---------------------------------------------------------------------------------
Start Renaming Generated Ports
---------------------------------------------------------------------------------
---------------------------------------------------------------------------------
Finished Renaming Generated Ports : Time (s): cpu = 00:00:31 ; elapsed = 00:00:35 . Memory (MB): peak = 2885.887 ; gain = 986.594
---------------------------------------------------------------------------------
---------------------------------------------------------------------------------
Start Handling Custom Attributes
---------------------------------------------------------------------------------
---------------------------------------------------------------------------------
Finished Handling Custom Attributes : Time (s): cpu = 00:00:31 ; elapsed = 00:00:35 . Memory (MB): peak = 2885.887 ; gain = 986.594
---------------------------------------------------------------------------------
---------------------------------------------------------------------------------
Start Renaming Generated Nets
---------------------------------------------------------------------------------
---------------------------------------------------------------------------------
Finished Renaming Generated Nets : Time (s): cpu = 00:00:31 ; elapsed = 00:00:35 . Memory (MB): peak = 2885.887 ; gain = 986.594
---------------------------------------------------------------------------------
---------------------------------------------------------------------------------
Start Writing Synthesis Report
---------------------------------------------------------------------------------

Report BlackBoxes: 
+-+--------------+----------+
| |BlackBox name |Instances |
+-+--------------+----------+
+-+--------------+----------+

Report Cell Usage: 
+------+----------+------+
|      |Cell      |Count |
+------+----------+------+
|1     |LUT2      |    10|
|2     |LUT6      |  1152|
|3     |MUXF7     |   512|
|4     |MUXF8     |   256|
|5     |RAM128X1D |  2048|
|6     |FDRE      |    64|
+------+----------+------+
---------------------------------------------------------------------------------
Finished Writing Synthesis Report : Time (s): cpu = 00:00:31 ; elapsed = 00:00:35 . Memory (MB): peak = 2885.887 ; gain = 986.594
---------------------------------------------------------------------------------
Synthesis finished with 0 errors, 0 critical warnings and 73 warnings.
Synthesis Optimization Runtime : Time (s): cpu = 00:00:13 ; elapsed = 00:00:34 . Memory (MB): peak = 2885.887 ; gain = 986.594
Synthesis Optimization Complete : Time (s): cpu = 00:00:31 ; elapsed = 00:00:35 . Memory (MB): peak = 2885.887 ; gain = 986.594
INFO: [Project 1-571] Translating synthesized netlist
Netlist sorting complete. Time (s): cpu = 00:00:00 ; elapsed = 00:00:00.047 . Memory (MB): peak = 2885.887 ; gain = 0.000
INFO: [Netlist 29-17] Analyzing 2816 Unisim elements for replacement
INFO: [Netlist 29-28] Unisim Transformation completed in 1 CPU seconds
WARNING: [Netlist 29-101] Netlist 'dist_mem_gen_0' is not ideal for floorplanning, since the cellview 'dpram' contains a large number of primitives.  Please consider enabling hierarchy in synthesis if you want to do floorplanning.
INFO: [Project 1-570] Preparing netlist for logic optimization
INFO: [Opt 31-138] Pushed 0 inverter(s) to 0 load pin(s).
Netlist sorting complete. Time (s): cpu = 00:00:00 ; elapsed = 00:00:00.006 . Memory (MB): peak = 2885.887 ; gain = 0.000
INFO: [Project 1-111] Unisim Transformation Summary:
  A total of 2048 instances were transformed.
  RAM128X1D => RAM128X1D (MUXF7(x2), RAMD64E(x4)): 2048 instances

Synth Design complete | Checksum: 740dda8
INFO: [Common 17-83] Releasing license: Synthesis
20 Infos, 102 Warnings, 0 Critical Warnings and 0 Errors encountered.
synth_design completed successfully
INFO: [Common 17-600] The following parameters have non-default value.
tcl.statsThreshold
INFO: [Common 17-1381] The checkpoint 'D:/vivado2023/cod_update/cod/cod.runs/dist_mem_gen_0_synth_1/dist_mem_gen_0.dcp' has been generated.
INFO: [Coretcl 2-1648] Added synthesis output to IP cache for IP dist_mem_gen_0, cache-ID = c2852490cea8576d
INFO: [Coretcl 2-1174] Renamed 3 cell refs.
INFO: [Common 17-1381] The checkpoint 'D:/vivado2023/cod_update/cod/cod.runs/dist_mem_gen_0_synth_1/dist_mem_gen_0.dcp' has been generated.
INFO: [runtcl-4] Executing : report_utilization -file dist_mem_gen_0_utilization_synth.rpt -pb dist_mem_gen_0_utilization_synth.pb
INFO: [Common 17-206] Exiting Vivado at Wed May  8 15:25:11 2024...
