INFO: [VRFC 10-2263] Analyzing Verilog file "D:/vivado2023/cod_update/cod/cod.gen/sources_1/ip/dist_mem_gen_0/sim/dist_mem_gen_0.v" into library xil_defaultlib
INFO: [VRFC 10-311] analyzing module dist_mem_gen_0
INFO: [VRFC 10-2263] Analyzing Verilog file "D:/vivado2023/cod_update/PART-code/ALU.v" into library xil_defaultlib
INFO: [VRFC 10-311] analyzing module ALU
INFO: [VRFC 10-2263] Analyzing Verilog file "D:/vivado2023/cod_update/PART-code/IdExSegReg/AddrEx.v" into library xil_defaultlib
INFO: [VRFC 10-311] analyzing module Addr_EX
INFO: [VRFC 10-2263] Analyzing Verilog file "D:/vivado2023/cod_update/PART-code/ExMemSegReg/AddrMem.v" into library xil_defaultlib
INFO: [VRFC 10-311] analyzing module Addr_MEM
INFO: [VRFC 10-2263] Analyzing Verilog file "D:/vivado2023/cod_update/PART-code/MemWbSegReg/AddrWb.v" into library xil_defaultlib
INFO: [VRFC 10-311] analyzing module Addr_WB
INFO: [VRFC 10-2263] Analyzing Verilog file "D:/vivado2023/cod_update/PART-code/IdExSegReg/BrTarget.v" into library xil_defaultlib
INFO: [VRFC 10-311] analyzing module BR_Target_EX
INFO: [VRFC 10-2263] Analyzing Verilog file "D:/vivado2023/cod_update/PART-code/BranchDecision.v" into library xil_defaultlib
INFO: [VRFC 10-311] analyzing module BranchDecision
INFO: [VRFC 10-2263] Analyzing Verilog file "D:/vivado2023/cod_update/PART-code/CSR/CSR_EX.v" into library xil_defaultlib
INFO: [VRFC 10-311] analyzing module CSR_EX
INFO: [VRFC 10-2263] Analyzing Verilog file "D:/vivado2023/cod_update/PART-code/CSR/CSR_Regfile.v" into library xil_defaultlib
INFO: [VRFC 10-311] analyzing module CSR_Regfile
INFO: [VRFC 10-2263] Analyzing Verilog file "D:/vivado2023/cod_update/PART-code/ControllerDecoder.v" into library xil_defaultlib
INFO: [VRFC 10-311] analyzing module ControllerDecoder
INFO: [VRFC 10-2263] Analyzing Verilog file "D:/vivado2023/cod_update/PART-code/IdExSegReg/CtrlEx.v" into library xil_defaultlib
INFO: [VRFC 10-311] analyzing module Ctrl_EX
INFO: [VRFC 10-2263] Analyzing Verilog file "D:/vivado2023/cod_update/PART-code/ExMemSegReg/CtrlMem.v" into library xil_defaultlib
INFO: [VRFC 10-311] analyzing module Ctrl_MEM
INFO: [VRFC 10-2263] Analyzing Verilog file "D:/vivado2023/cod_update/PART-code/MemWbSegReg/CtrlWb.v" into library xil_defaultlib
INFO: [VRFC 10-311] analyzing module Ctrl_WB
INFO: [VRFC 10-2263] Analyzing Verilog file "D:/vivado2023/cod_update/PART-code/DataExtend.v" into library xil_defaultlib
INFO: [VRFC 10-311] analyzing module DataExtend
INFO: [VRFC 10-2263] Analyzing Verilog file "D:/vivado2023/cod_update/PART-code/GeneralRegister.v" into library xil_defaultlib
INFO: [VRFC 10-311] analyzing module RegisterFile
INFO: [VRFC 10-2263] Analyzing Verilog file "D:/vivado2023/cod_update/PART-code/Hazard.v" into library xil_defaultlib
INFO: [VRFC 10-311] analyzing module HarzardUnit
INFO: [VRFC 10-2263] Analyzing Verilog file "D:/vivado2023/cod_update/PART-code/IfIdSegReg/IR.v" into library xil_defaultlib
INFO: [VRFC 10-311] analyzing module IR_ID
INFO: [VRFC 10-2263] Analyzing Verilog file "D:/vivado2023/cod_update/PART-code/IdExSegReg/Imm.v" into library xil_defaultlib
INFO: [VRFC 10-311] analyzing module Imm_EX
INFO: [VRFC 10-2263] Analyzing Verilog file "D:/vivado2023/cod_update/PART-code/ImmExtend.v" into library xil_defaultlib
INFO: [VRFC 10-311] analyzing module ImmExtend
INFO: [VRFC 10-2263] Analyzing Verilog file "D:/vivado2023/cod_update/PART-code/NPCGenerator.v" into library xil_defaultlib
INFO: [VRFC 10-311] analyzing module NPC_Generator
INFO: [VRFC 10-2263] Analyzing Verilog file "D:/vivado2023/cod_update/PART-code/IdExSegReg/Op1.v" into library xil_defaultlib
INFO: [VRFC 10-311] analyzing module Op1_EX
INFO: [VRFC 10-2263] Analyzing Verilog file "D:/vivado2023/cod_update/PART-code/PC.v" into library xil_defaultlib
INFO: [VRFC 10-311] analyzing module PC_IF
INFO: [VRFC 10-2263] Analyzing Verilog file "D:/vivado2023/cod_update/PART-code/IdExSegReg/PcEx.v" into library xil_defaultlib
INFO: [VRFC 10-311] analyzing module PC_EX
INFO: [VRFC 10-2263] Analyzing Verilog file "D:/vivado2023/cod_update/PART-code/IfIdSegReg/PcId.v" into library xil_defaultlib
INFO: [VRFC 10-311] analyzing module PC_ID
INFO: [VRFC 10-2263] Analyzing Verilog file "D:/vivado2023/cod_update/PART-code/RV32ICore.v" into library xil_defaultlib
INFO: [VRFC 10-311] analyzing module RV32ICore
INFO: [VRFC 10-2263] Analyzing Verilog file "D:/vivado2023/cod_update/PART-code/IdExSegReg/Reg2Ex.v" into library xil_defaultlib
INFO: [VRFC 10-311] analyzing module Reg2_EX
INFO: [VRFC 10-2263] Analyzing Verilog file "D:/vivado2023/cod_update/PART-code/ExMemSegReg/Reg2Mem.v" into library xil_defaultlib
INFO: [VRFC 10-311] analyzing module Reg2_MEM
INFO: [VRFC 10-2263] Analyzing Verilog file "D:/vivado2023/cod_update/PART-code/ExMemSegReg/Result.v" into library xil_defaultlib
INFO: [VRFC 10-311] analyzing module Result_MEM
INFO: [VRFC 10-2263] Analyzing Verilog file "D:/vivado2023/cod_update/PART-code/MemWbSegReg/WbData.v" into library xil_defaultlib
INFO: [VRFC 10-311] analyzing module WB_Data_WB
